<?xml version="1.0" encoding="UTF-8"?>
<testsuite xmlns:xsi="http://www.w3.org/2001/XMLSchema-instance" xsi:noNamespaceSchemaLocation="https://maven.apache.org/surefire/maven-surefire-plugin/xsd/surefire-test-report-3.0.xsd" version="3.0" name="TestSuite" time="9.864" tests="2" errors="0" skipped="0" failures="0">
  <properties>
[...]
</properties>
  <testcase name="runScenario[&quot;Check Login Successful with Valid Credentials&quot;, &quot;Login page automation of  Application&quot;](1)" classname="TestRunner.CucumberTestRunner" time="7.765">
    <system-out><![CDATA[
Scenario Outline: Check Login Successful with Valid Credentials &amp#27;[90m# src/test/resources/Features/Login.feature:12&amp#27;[0m
  &amp#27;[32mGiven &amp#27;[0m&amp#27;[32mUser is on Login Page&amp#27;[0m                                   &amp#27;[90m# StepDefinations.PageFactoryLoginStepsDefination.user_is_on_login_page()&amp#27;[0m
  &amp#27;[32mWhen &amp#27;[0m&amp#27;[32mUser enter valid &amp#27;[0m&amp#27;[32m&amp#27;[1m"standard_user"&amp#27;[0m&amp#27;[32m and &amp#27;[0m&amp#27;[32m&amp#27;[1m"secret_sauce"&amp#27;[0m      &amp#27;[90m# StepDefinations.PageFactoryLoginStepsDefination.user_enter_valid_and(java.lang.String,java.lang.String)&amp#27;[0m
  &amp#27;[32mAnd &amp#27;[0m&amp#27;[32mClicks on Login Button&amp#27;[0m                                    &amp#27;[90m# StepDefinations.PageFactoryLoginStepsDefination.clicks_on_login_button()&amp#27;[0m
  &amp#27;[32mThen &amp#27;[0m&amp#27;[32mUser navigated to Home Page&amp#27;[0m                              &amp#27;[90m# StepDefinations.PageFactoryLoginStepsDefination.user_navigated_to_home_page()&amp#27;[0m
  &amp#27;[32mAnd &amp#27;[0m&amp#27;[32mClose the Browser&amp#27;[0m                                         &amp#27;[90m# StepDefinations.PageFactoryLoginStepsDefination.close_the_browser()&amp#27;[0m
]]></system-out>
    <system-err><![CDATA[SLF4J: Failed to load class "org.slf4j.impl.StaticLoggerBinder".
SLF4J: Defaulting to no-operation (NOP) logger implementation
SLF4J: See http://www.slf4j.org/codes.html#StaticLoggerBinder for further details.
]]></system-err>
  </testcase>
  <testcase name="runScenario[&quot;Scenario 1 from test1 feature&quot;, &quot;This is test1 feature&quot;](1)" classname="TestRunner.CucumberTestRunnerForTags" time="0.018">
    <system-out><![CDATA[
@smoke @regression
Scenario: Scenario 1 from test1 feature &amp#27;[90m# src/test/resources/FeatureWithTags/Test1.feature:3&amp#27;[0m
]]></system-out>
  </testcase>
</testsuite>